2024-12-09 00:01:57 INFO log.py:21: Yasb
2024-12-09 00:01:57 DEBUG win32.py:58: Looking up time zone info from registry
2024-12-09 00:01:57 INFO weather.py:156: Fetched new weather data at 2024-12-09 00:01:57.910430
2024-12-09 00:01:57 DEBUG __init__.py:143: CoInitializeEx(None, 2)
2024-12-09 00:01:59 INFO event_listener.py:52: Created named pipe yasb-b5ed23fc-b592-11ef-b849-00012e6e94ff
2024-12-09 00:01:59 INFO event_listener.py:106: Waiting for Komorebi to subscribe to named pipe yasb-b5ed23fc-b592-11ef-b849-00012e6e94ff
2024-12-09 00:01:59 INFO watcher.py:39: Created file watcher for path C:\Users\bdas\.config\yasb
2024-12-09 00:01:59 DEBUG _windows.py:213: Starting (proactor: <_IocpProactor overlapped#=0 result#=0>)...
2024-12-09 00:01:59 DEBUG _windows.py:192: Thread started
2024-12-09 00:01:59 WARNING event_listener.py:111: Komorebi failed to subscribe named pipe. Waiting for subscription...
2024-12-09 00:02:44 INFO log.py:21: Yasb
2024-12-09 00:02:44 DEBUG win32.py:58: Looking up time zone info from registry
2024-12-09 00:02:45 INFO weather.py:156: Fetched new weather data at 2024-12-09 00:02:45.254148
2024-12-09 00:02:45 DEBUG __init__.py:143: CoInitializeEx(None, 2)
2024-12-09 00:02:46 INFO event_listener.py:52: Created named pipe yasb-d1d370c7-b592-11ef-8718-00012e6e94ff
2024-12-09 00:02:46 INFO event_listener.py:106: Waiting for Komorebi to subscribe to named pipe yasb-d1d370c7-b592-11ef-8718-00012e6e94ff
2024-12-09 00:02:46 INFO watcher.py:39: Created file watcher for path C:\Users\bdas\.config\yasb
2024-12-09 00:02:46 DEBUG _windows.py:213: Starting (proactor: <_IocpProactor overlapped#=0 result#=0>)...
2024-12-09 00:02:46 DEBUG _windows.py:192: Thread started
2024-12-09 00:02:46 WARNING event_listener.py:111: Komorebi failed to subscribe named pipe. Waiting for subscription...
2024-12-09 00:03:11 INFO log.py:21: Yasb
2024-12-09 00:03:11 DEBUG win32.py:58: Looking up time zone info from registry
2024-12-09 00:03:12 INFO weather.py:156: Fetched new weather data at 2024-12-09 00:03:12.269448
2024-12-09 00:03:12 DEBUG __init__.py:143: CoInitializeEx(None, 2)
2024-12-09 00:03:13 INFO event_listener.py:52: Created named pipe yasb-e1d9b690-b592-11ef-940d-00012e6e94ff
2024-12-09 00:03:13 INFO event_listener.py:106: Waiting for Komorebi to subscribe to named pipe yasb-e1d9b690-b592-11ef-940d-00012e6e94ff
2024-12-09 00:03:13 INFO watcher.py:39: Created file watcher for path C:\Users\bdas\.config\yasb
2024-12-09 00:03:13 DEBUG _windows.py:213: Starting (proactor: <_IocpProactor overlapped#=0 result#=0>)...
2024-12-09 00:03:13 DEBUG _windows.py:192: Thread started
2024-12-09 00:03:13 WARNING event_listener.py:111: Komorebi failed to subscribe named pipe. Waiting for subscription...
2024-12-09 00:03:46 INFO log.py:21: Yasb
2024-12-09 00:03:46 DEBUG win32.py:58: Looking up time zone info from registry
2024-12-09 00:03:46 INFO weather.py:156: Fetched new weather data at 2024-12-09 00:03:46.919031
2024-12-09 00:03:46 DEBUG __init__.py:143: CoInitializeEx(None, 2)
2024-12-09 00:03:47 INFO event_listener.py:52: Created named pipe yasb-f687816c-b592-11ef-8b76-00012e6e94ff
2024-12-09 00:03:47 INFO event_listener.py:106: Waiting for Komorebi to subscribe to named pipe yasb-f687816c-b592-11ef-8b76-00012e6e94ff
2024-12-09 00:03:47 INFO watcher.py:39: Created file watcher for path C:\Users\bdas\.config\yasb
2024-12-09 00:03:47 DEBUG _windows.py:213: Starting (proactor: <_IocpProactor overlapped#=0 result#=0>)...
2024-12-09 00:03:47 DEBUG _windows.py:192: Thread started
2024-12-09 00:03:47 WARNING event_listener.py:111: Komorebi failed to subscribe named pipe. Waiting for subscription...
2024-12-09 00:04:20 ERROR bar_manager.py:53: Error loading config: while scanning for the next token
found character '\t' that cannot start any token
  in "C:\Users\bdas\.config\yasb\config.yaml", line 47, column 1
2024-12-09 00:04:27 ERROR bar_manager.py:53: Error loading config: while scanning for the next token
found character '\t' that cannot start any token
  in "C:\Users\bdas\.config\yasb\config.yaml", line 47, column 1
2024-12-09 00:04:27 ERROR bar_manager.py:53: Error loading config: while scanning for the next token
found character '\t' that cannot start any token
  in "C:\Users\bdas\.config\yasb\config.yaml", line 47, column 1
2024-12-09 00:04:27 ERROR bar_manager.py:53: Error loading config: while scanning for the next token
found character '\t' that cannot start any token
  in "C:\Users\bdas\.config\yasb\config.yaml", line 47, column 1
2024-12-09 00:04:36 ERROR bar_manager.py:53: Error loading config: while scanning for the next token
found character '\t' that cannot start any token
  in "C:\Users\bdas\.config\yasb\config.yaml", line 47, column 1
2024-12-09 00:04:44 ERROR bar_manager.py:53: Error loading config: while scanning for the next token
found character '\t' that cannot start any token
  in "C:\Users\bdas\.config\yasb\config.yaml", line 47, column 1
2024-12-09 00:04:44 ERROR bar_manager.py:53: Error loading config: while scanning for the next token
found character '\t' that cannot start any token
  in "C:\Users\bdas\.config\yasb\config.yaml", line 47, column 1
2024-12-09 00:05:34 INFO log.py:21: Yasb
2024-12-09 00:05:34 DEBUG win32.py:58: Looking up time zone info from registry
2024-12-09 00:05:35 INFO weather.py:156: Fetched new weather data at 2024-12-09 00:05:35.195873
2024-12-09 00:05:35 DEBUG __init__.py:143: CoInitializeEx(None, 2)
2024-12-09 00:05:36 INFO event_listener.py:52: Created named pipe yasb-370a971b-b593-11ef-be8f-00012e6e94ff
2024-12-09 00:05:36 INFO event_listener.py:106: Waiting for Komorebi to subscribe to named pipe yasb-370a971b-b593-11ef-be8f-00012e6e94ff
2024-12-09 00:05:36 INFO watcher.py:39: Created file watcher for path C:\Users\bdas\.config\yasb
2024-12-09 00:05:36 DEBUG _windows.py:213: Starting (proactor: <_IocpProactor overlapped#=0 result#=0>)...
2024-12-09 00:05:36 DEBUG _windows.py:192: Thread started
2024-12-09 00:05:36 WARNING event_listener.py:111: Komorebi failed to subscribe named pipe. Waiting for subscription...
2024-12-09 00:06:13 INFO log.py:21: Yasb
2024-12-09 00:06:13 DEBUG win32.py:58: Looking up time zone info from registry
2024-12-09 00:06:13 INFO weather.py:156: Fetched new weather data at 2024-12-09 00:06:13.958572
2024-12-09 00:06:13 DEBUG __init__.py:143: CoInitializeEx(None, 2)
2024-12-09 00:06:14 INFO event_listener.py:52: Created named pipe yasb-4e247997-b593-11ef-b6ae-00012e6e94ff
2024-12-09 00:06:14 INFO event_listener.py:106: Waiting for Komorebi to subscribe to named pipe yasb-4e247997-b593-11ef-b6ae-00012e6e94ff
2024-12-09 00:06:14 INFO watcher.py:39: Created file watcher for path C:\Users\bdas\.config\yasb
2024-12-09 00:06:14 DEBUG _windows.py:213: Starting (proactor: <_IocpProactor overlapped#=0 result#=0>)...
2024-12-09 00:06:14 DEBUG _windows.py:192: Thread started
2024-12-09 00:06:14 WARNING event_listener.py:111: Komorebi failed to subscribe named pipe. Waiting for subscription...
2024-12-09 00:06:20 INFO log.py:21: Yasb
2024-12-09 00:06:20 DEBUG win32.py:58: Looking up time zone info from registry
2024-12-09 00:06:20 INFO weather.py:156: Fetched new weather data at 2024-12-09 00:06:20.652177
2024-12-09 00:06:20 DEBUG __init__.py:143: CoInitializeEx(None, 2)
2024-12-09 00:06:21 INFO event_listener.py:52: Created named pipe yasb-522255ad-b593-11ef-abf8-00012e6e94ff
2024-12-09 00:06:21 INFO event_listener.py:106: Waiting for Komorebi to subscribe to named pipe yasb-522255ad-b593-11ef-abf8-00012e6e94ff
2024-12-09 00:06:21 INFO watcher.py:39: Created file watcher for path C:\Users\bdas\.config\yasb
2024-12-09 00:06:21 DEBUG _windows.py:213: Starting (proactor: <_IocpProactor overlapped#=0 result#=0>)...
2024-12-09 00:06:21 DEBUG _windows.py:192: Thread started
2024-12-09 00:06:21 WARNING event_listener.py:111: Komorebi failed to subscribe named pipe. Waiting for subscription...
2024-12-09 00:06:48 INFO log.py:21: Yasb
2024-12-09 00:06:48 DEBUG win32.py:58: Looking up time zone info from registry
2024-12-09 00:06:48 INFO weather.py:156: Fetched new weather data at 2024-12-09 00:06:48.948077
2024-12-09 00:06:48 DEBUG __init__.py:143: CoInitializeEx(None, 2)
2024-12-09 00:06:49 INFO event_listener.py:52: Created named pipe yasb-63045b5b-b593-11ef-8c43-00012e6e94ff
2024-12-09 00:06:49 INFO event_listener.py:106: Waiting for Komorebi to subscribe to named pipe yasb-63045b5b-b593-11ef-8c43-00012e6e94ff
2024-12-09 00:06:49 INFO watcher.py:39: Created file watcher for path C:\Users\bdas\.config\yasb
2024-12-09 00:06:49 DEBUG _windows.py:213: Starting (proactor: <_IocpProactor overlapped#=0 result#=0>)...
2024-12-09 00:06:49 DEBUG _windows.py:192: Thread started
2024-12-09 00:06:49 WARNING event_listener.py:111: Komorebi failed to subscribe named pipe. Waiting for subscription...
2024-12-09 00:07:21 INFO log.py:21: Yasb
2024-12-09 00:07:22 WARNING widget_builder.py:38: No widget config could be found for widget 'active_workspaces
2024-12-09 00:07:22 DEBUG win32.py:58: Looking up time zone info from registry
2024-12-09 00:07:22 INFO weather.py:156: Fetched new weather data at 2024-12-09 00:07:22.436672
2024-12-09 00:07:22 DEBUG __init__.py:143: CoInitializeEx(None, 2)
2024-12-09 00:07:23 INFO event_listener.py:52: Created named pipe yasb-76f25484-b593-11ef-b721-00012e6e94ff
2024-12-09 00:07:23 INFO event_listener.py:106: Waiting for Komorebi to subscribe to named pipe yasb-76f25484-b593-11ef-b721-00012e6e94ff
2024-12-09 00:07:23 WARNING event_listener.py:111: Komorebi failed to subscribe named pipe. Waiting for subscription...
2024-12-09 00:07:44 INFO log.py:21: Yasb
2024-12-09 00:07:44 ERROR main.py:73: Another instance of the YASB is already running.
2024-12-09 00:08:05 INFO log.py:21: Yasb
2024-12-09 00:08:05 ERROR main.py:73: Another instance of the YASB is already running.
2024-12-09 00:08:32 INFO log.py:21: Yasb
2024-12-09 00:08:32 DEBUG win32.py:58: Looking up time zone info from registry
2024-12-09 00:08:33 INFO weather.py:156: Fetched new weather data at 2024-12-09 00:08:33.069827
2024-12-09 00:08:33 DEBUG __init__.py:143: CoInitializeEx(None, 2)
2024-12-09 00:08:34 INFO watcher.py:39: Created file watcher for path C:\Users\bdas\.config\yasb
2024-12-09 00:08:34 DEBUG _windows.py:213: Starting (proactor: <_IocpProactor overlapped#=0 result#=0>)...
2024-12-09 00:08:34 DEBUG _windows.py:192: Thread started
2024-12-09 00:08:57 INFO log.py:21: Yasb
2024-12-09 00:08:58 DEBUG win32.py:58: Looking up time zone info from registry
2024-12-09 00:08:58 INFO weather.py:156: Fetched new weather data at 2024-12-09 00:08:58.510144
2024-12-09 00:08:58 DEBUG __init__.py:143: CoInitializeEx(None, 2)
2024-12-09 00:08:59 INFO watcher.py:39: Created file watcher for path C:\Users\bdas\.config\yasb
2024-12-09 00:08:59 DEBUG _windows.py:213: Starting (proactor: <_IocpProactor overlapped#=0 result#=0>)...
2024-12-09 00:08:59 DEBUG _windows.py:192: Thread started
2024-12-09 00:09:46 INFO log.py:21: Yasb
2024-12-09 00:09:46 DEBUG win32.py:58: Looking up time zone info from registry
2024-12-09 00:09:46 INFO weather.py:156: Fetched new weather data at 2024-12-09 00:09:46.747257
2024-12-09 00:09:46 DEBUG __init__.py:143: CoInitializeEx(None, 2)
2024-12-09 00:09:47 INFO watcher.py:39: Created file watcher for path C:\Users\bdas\.config\yasb
2024-12-09 00:09:47 DEBUG _windows.py:213: Starting (proactor: <_IocpProactor overlapped#=0 result#=0>)...
2024-12-09 00:09:47 DEBUG _windows.py:192: Thread started
2024-12-09 00:09:59 INFO log.py:21: Yasb
2024-12-09 00:09:59 DEBUG win32.py:58: Looking up time zone info from registry
2024-12-09 00:09:59 INFO weather.py:156: Fetched new weather data at 2024-12-09 00:09:59.534213
2024-12-09 00:09:59 DEBUG __init__.py:143: CoInitializeEx(None, 2)
2024-12-09 00:10:00 INFO watcher.py:39: Created file watcher for path C:\Users\bdas\.config\yasb
2024-12-09 00:10:00 DEBUG _windows.py:213: Starting (proactor: <_IocpProactor overlapped#=0 result#=0>)...
2024-12-09 00:10:00 DEBUG _windows.py:192: Thread started
2024-12-09 00:10:13 INFO log.py:21: Yasb
2024-12-09 00:10:13 DEBUG win32.py:58: Looking up time zone info from registry
2024-12-09 00:10:13 INFO weather.py:156: Fetched new weather data at 2024-12-09 00:10:13.729983
2024-12-09 00:10:13 DEBUG __init__.py:143: CoInitializeEx(None, 2)
2024-12-09 00:10:14 INFO watcher.py:39: Created file watcher for path C:\Users\bdas\.config\yasb
2024-12-09 00:10:14 DEBUG _windows.py:213: Starting (proactor: <_IocpProactor overlapped#=0 result#=0>)...
2024-12-09 00:10:14 DEBUG _windows.py:192: Thread started
2024-12-09 00:10:29 INFO log.py:21: Yasb
2024-12-09 00:10:29 DEBUG win32.py:58: Looking up time zone info from registry
2024-12-09 00:10:30 INFO weather.py:156: Fetched new weather data at 2024-12-09 00:10:30.063788
2024-12-09 00:10:30 DEBUG __init__.py:143: CoInitializeEx(None, 2)
2024-12-09 00:10:30 INFO watcher.py:39: Created file watcher for path C:\Users\bdas\.config\yasb
2024-12-09 00:10:30 DEBUG _windows.py:213: Starting (proactor: <_IocpProactor overlapped#=0 result#=0>)...
2024-12-09 00:10:30 DEBUG _windows.py:192: Thread started
2024-12-09 00:11:34 ERROR bar_manager.py:53: Error loading config: while scanning for the next token
found character '\t' that cannot start any token
  in "C:\Users\bdas\.config\yasb\config.yaml", line 44, column 1
2024-12-09 00:11:49 ERROR bar_manager.py:53: Error loading config: while scanning for the next token
found character '\t' that cannot start any token
  in "C:\Users\bdas\.config\yasb\config.yaml", line 44, column 1
2024-12-09 00:11:55 ERROR bar_manager.py:53: Error loading config: while scanning for the next token
found character '\t' that cannot start any token
  in "C:\Users\bdas\.config\yasb\config.yaml", line 44, column 1
2024-12-09 00:11:55 ERROR bar_manager.py:53: Error loading config: while scanning for the next token
found character '\t' that cannot start any token
  in "C:\Users\bdas\.config\yasb\config.yaml", line 44, column 1
2024-12-09 00:12:05 INFO tray.py:206: Reloading Application...
2024-12-09 00:12:05 INFO log.py:21: Yasb
2024-12-09 00:12:19 INFO log.py:21: Yasb
2024-12-09 00:12:32 INFO log.py:21: Yasb
2024-12-09 00:12:32 DEBUG win32.py:58: Looking up time zone info from registry
2024-12-09 00:12:32 INFO weather.py:156: Fetched new weather data at 2024-12-09 00:12:32.975141
2024-12-09 00:12:33 DEBUG __init__.py:143: CoInitializeEx(None, 2)
2024-12-09 00:12:33 INFO watcher.py:39: Created file watcher for path C:\Users\bdas\.config\yasb
2024-12-09 00:12:33 DEBUG _windows.py:213: Starting (proactor: <_IocpProactor overlapped#=0 result#=0>)...
2024-12-09 00:12:33 DEBUG _windows.py:192: Thread started
2024-12-09 00:12:45 INFO tray.py:210: Exiting Application from tray...
2024-12-09 00:12:45 DEBUG _windows.py:218: Stopping worker thread...
2024-12-09 00:12:45 DEBUG _windows.py:201: Exiting thread
2024-12-09 00:12:45 DEBUG _windows.py:75: Closing
2024-12-09 00:29:21 INFO log.py:21: Yasb
2024-12-09 00:29:21 DEBUG win32.py:58: Looking up time zone info from registry
2024-12-09 00:29:43 INFO weather.py:156: Fetched new weather data at 2024-12-09 00:29:43.658547
2024-12-09 00:29:44 DEBUG __init__.py:143: CoInitializeEx(None, 2)
2024-12-09 00:30:18 INFO watcher.py:39: Created file watcher for path C:\Users\bdas\.config\yasb
2024-12-09 00:30:18 DEBUG _windows.py:213: Starting (proactor: <_IocpProactor overlapped#=0 result#=0>)...
2024-12-09 00:30:18 DEBUG _windows.py:192: Thread started
2024-12-09 00:30:23 INFO tray.py:206: Reloading Application...
2024-12-09 00:30:25 INFO log.py:21: Yasb
2024-12-09 00:30:25 DEBUG win32.py:58: Looking up time zone info from registry
2024-12-09 00:30:25 INFO weather.py:156: Fetched new weather data at 2024-12-09 00:30:25.782231
2024-12-09 00:30:25 DEBUG __init__.py:143: CoInitializeEx(None, 2)
2024-12-09 00:30:26 INFO watcher.py:39: Created file watcher for path C:\Users\bdas\.config\yasb
2024-12-09 00:30:26 DEBUG _windows.py:213: Starting (proactor: <_IocpProactor overlapped#=0 result#=0>)...
2024-12-09 00:30:26 DEBUG _windows.py:192: Thread started
2024-12-09 00:30:31 INFO tray.py:210: Exiting Application from tray...
2024-12-09 00:30:31 DEBUG _windows.py:218: Stopping worker thread...
2024-12-09 00:30:31 DEBUG _windows.py:201: Exiting thread
2024-12-09 00:30:31 DEBUG _windows.py:75: Closing
